[0m12:13:55.228416 [debug] [MainThread]: Sending event: {'category': 'dbt', 'action': 'invocation', 'label': 'start', 'context': [<snowplow_tracker.self_describing_json.SelfDescribingJson object at 0x0000021BE4F4EC60>, <snowplow_tracker.self_describing_json.SelfDescribingJson object at 0x0000021BE281D5E0>, <snowplow_tracker.self_describing_json.SelfDescribingJson object at 0x0000021BE44618E0>]}


============================== 12:13:55.234278 | 080f0310-b69a-4362-a2b9-9ff1e4007fce ==============================
[0m12:13:55.234278 [info ] [MainThread]: Running with dbt=1.11.11
[0m12:13:55.236289 [debug] [MainThread]: running dbt with arguments {'static_parser': 'True', 'no_print': 'None', 'version_check': 'True', 'target_path': 'None', 'warn_error_options': 'WarnErrorOptionsV2(error=[], warn=[], silence=[])', 'printer_width': '80', 'write_json': 'True', 'introspect': 'True', 'log_cache_events': 'False', 'empty': 'None', 'cache_selected_only': 'False', 'log_format': 'default', 'debug': 'False', 'fail_fast': 'False', 'profiles_dir': "C:\\Users\\jainam's pc\\.dbt", 'send_anonymous_usage_stats': 'True', 'quiet': 'False', 'warn_error': 'None', 'partial_parse': 'True', 'indirect_selection': 'eager', 'use_colors': 'True', 'invocation_command': 'dbt init', 'use_experimental_parser': 'False', 'log_path': 'logs'}
[0m12:14:44.612085 [debug] [MainThread]: Starter project path: D:\work\streamcart_dbt\.venv\Lib\site-packages\dbt\include\starter_project
[0m12:14:44.643397 [info ] [MainThread]: 
Your new dbt project "streamcart_dbt" was created!

For more information on how to configure the profiles.yml file,
please consult the dbt documentation here:

  https://docs.getdbt.com/docs/configure-your-profile

One more thing:

Need help? Don't hesitate to reach out to us via GitHub issues or on Slack:

  https://community.getdbt.com/

Happy modeling!

[0m12:14:44.643397 [info ] [MainThread]: Setting up your profile.
[0m12:15:09.205919 [debug] [MainThread]: Spark adapter: Setting pyhive.hive logging to ERROR
[0m12:15:09.205919 [debug] [MainThread]: Spark adapter: Setting thrift.transport logging to ERROR
[0m12:15:09.205919 [debug] [MainThread]: Spark adapter: Setting thrift.protocol logging to ERROR
[0m12:27:04.280190 [info ] [MainThread]: Profile streamcart_dbt written to C:\Users\jainam's pc\.dbt\profiles.yml using target's profile_template.yml and your supplied values. Run 'dbt debug' to validate the connection.
[0m12:27:04.280190 [debug] [MainThread]: Command `dbt init` succeeded at 12:27:04.280190 after 789.28 seconds
[0m12:27:04.284193 [debug] [MainThread]: Sending event: {'category': 'dbt', 'action': 'invocation', 'label': 'end', 'context': [<snowplow_tracker.self_describing_json.SelfDescribingJson object at 0x0000021BFFA53E60>, <snowplow_tracker.self_describing_json.SelfDescribingJson object at 0x0000021B88856270>, <snowplow_tracker.self_describing_json.SelfDescribingJson object at 0x0000021B88128CB0>]}
[0m12:27:04.284193 [debug] [MainThread]: Flushing usage events
[0m12:27:06.054253 [debug] [MainThread]: An error was encountered while trying to flush usage events
[0m12:27:14.712399 [debug] [MainThread]: Sending event: {'category': 'dbt', 'action': 'invocation', 'label': 'start', 'context': [<snowplow_tracker.self_describing_json.SelfDescribingJson object at 0x0000019D522133B0>, <snowplow_tracker.self_describing_json.SelfDescribingJson object at 0x0000019D4FE4B0B0>, <snowplow_tracker.self_describing_json.SelfDescribingJson object at 0x0000019D504A0260>]}


============================== 12:27:14.721003 | 6a08f82f-1490-4aad-8b0e-91d6896c2e45 ==============================
[0m12:27:14.721003 [info ] [MainThread]: Running with dbt=1.11.11
[0m12:27:14.721003 [debug] [MainThread]: running dbt with arguments {'version_check': 'True', 'no_print': 'None', 'static_parser': 'True', 'target_path': 'None', 'warn_error_options': 'WarnErrorOptionsV2(error=[], warn=[], silence=[])', 'printer_width': '80', 'write_json': 'True', 'introspect': 'True', 'log_cache_events': 'False', 'empty': 'None', 'cache_selected_only': 'False', 'fail_fast': 'False', 'debug': 'False', 'log_format': 'default', 'partial_parse': 'True', 'send_anonymous_usage_stats': 'True', 'quiet': 'False', 'warn_error': 'None', 'profiles_dir': "C:\\Users\\jainam's pc\\.dbt", 'use_colors': 'True', 'indirect_selection': 'eager', 'invocation_command': 'dbt debug', 'use_experimental_parser': 'False', 'log_path': 'logs'}
[0m12:27:14.826966 [info ] [MainThread]: dbt version: 1.11.11
[0m12:27:14.826966 [info ] [MainThread]: python version: 3.12.8
[0m12:27:14.826966 [info ] [MainThread]: python path: D:\work\streamcart_dbt\.venv\Scripts\python.exe
[0m12:27:14.826966 [info ] [MainThread]: os info: Windows-11-10.0.26200-SP0
[0m12:27:15.873656 [debug] [MainThread]: Spark adapter: Setting pyhive.hive logging to ERROR
[0m12:27:15.874555 [debug] [MainThread]: Spark adapter: Setting thrift.transport logging to ERROR
[0m12:27:15.874555 [debug] [MainThread]: Spark adapter: Setting thrift.protocol logging to ERROR
[0m12:27:16.720002 [info ] [MainThread]: Using profiles dir at C:\Users\jainam's pc\.dbt
[0m12:27:16.725523 [info ] [MainThread]: Using profiles.yml file at C:\Users\jainam's pc\.dbt\profiles.yml
[0m12:27:16.725523 [info ] [MainThread]: Using dbt_project.yml file at D:\work\streamcart_dbt\dbt_project.yml
[0m12:27:16.726338 [error] [MainThread]: Encountered an error:
Internal Error
  Profile should not be None if loading profile completed
[0m12:27:16.728897 [debug] [MainThread]: Command `dbt debug` failed at 12:27:16.726338 after 2.24 seconds
[0m12:27:16.728897 [debug] [MainThread]: Sending event: {'category': 'dbt', 'action': 'invocation', 'label': 'end', 'context': [<snowplow_tracker.self_describing_json.SelfDescribingJson object at 0x0000019D52A006E0>, <snowplow_tracker.self_describing_json.SelfDescribingJson object at 0x0000019D76D9BA40>, <snowplow_tracker.self_describing_json.SelfDescribingJson object at 0x0000019D769CD880>]}
[0m12:27:16.728897 [debug] [MainThread]: Flushing usage events
[0m12:27:21.137331 [debug] [MainThread]: An error was encountered while trying to flush usage events
[0m18:15:07.624278 [debug] [MainThread]: Sending event: {'category': 'dbt', 'action': 'invocation', 'label': 'start', 'context': [<snowplow_tracker.self_describing_json.SelfDescribingJson object at 0x00000230F3002570>, <snowplow_tracker.self_describing_json.SelfDescribingJson object at 0x00000230F3397260>, <snowplow_tracker.self_describing_json.SelfDescribingJson object at 0x00000230F3395D00>]}


============================== 18:15:07.624278 | 1d251d39-e64d-47c2-8e59-7c4a2cdd1d2c ==============================
[0m18:15:07.624278 [info ] [MainThread]: Running with dbt=1.11.11
[0m18:15:07.624278 [debug] [MainThread]: running dbt with arguments {'version_check': 'True', 'no_print': 'None', 'static_parser': 'True', 'target_path': 'None', 'warn_error_options': 'WarnErrorOptionsV2(error=[], warn=[], silence=[])', 'printer_width': '80', 'write_json': 'True', 'introspect': 'True', 'log_cache_events': 'False', 'empty': 'False', 'cache_selected_only': 'False', 'log_format': 'default', 'debug': 'False', 'fail_fast': 'False', 'profiles_dir': "C:\\Users\\jainam's pc\\.dbt", 'send_anonymous_usage_stats': 'True', 'quiet': 'False', 'warn_error': 'None', 'partial_parse': 'True', 'invocation_command': 'dbt compile --select int_orders_enriched', 'indirect_selection': 'eager', 'use_colors': 'True', 'use_experimental_parser': 'False', 'log_path': 'logs'}
[0m18:15:07.624278 [error] [MainThread]: Encountered an error:
Runtime Error
  No dbt_project.yml found at expected path D:\work\streamcart_dbt\dbt_project.yml
  Verify that each entry within packages.yml (and their transitive dependencies) contains a file named dbt_project.yml
  
[0m18:15:07.638164 [debug] [MainThread]: Command `dbt compile` failed at 18:15:07.638164 after 0.18 seconds
[0m18:15:07.638164 [debug] [MainThread]: Sending event: {'category': 'dbt', 'action': 'invocation', 'label': 'end', 'context': [<snowplow_tracker.self_describing_json.SelfDescribingJson object at 0x00000230F302B800>, <snowplow_tracker.self_describing_json.SelfDescribingJson object at 0x00000230F34EFA70>, <snowplow_tracker.self_describing_json.SelfDescribingJson object at 0x00000230F299A0F0>]}
[0m18:15:07.639903 [debug] [MainThread]: Flushing usage events
[0m18:15:09.346989 [debug] [MainThread]: An error was encountered while trying to flush usage events
[0m13:06:05.474782 [debug] [MainThread]: Sending event: {'category': 'dbt', 'action': 'invocation', 'label': 'start', 'context': [<snowplow_tracker.self_describing_json.SelfDescribingJson object at 0x00000229C36634A0>, <snowplow_tracker.self_describing_json.SelfDescribingJson object at 0x00000229C3CAFF20>, <snowplow_tracker.self_describing_json.SelfDescribingJson object at 0x00000229C12A2F30>]}


============================== 13:06:05.485869 | 9a0ee717-4412-402b-988f-bf1080263e09 ==============================
[0m13:06:05.485869 [info ] [MainThread]: Running with dbt=1.11.11
[0m13:06:05.485869 [debug] [MainThread]: running dbt with arguments {'version_check': 'True', 'no_print': 'None', 'static_parser': 'True', 'warn_error_options': 'WarnErrorOptionsV2(error=[], warn=[], silence=[])', 'target_path': 'None', 'printer_width': '80', 'write_json': 'True', 'introspect': 'True', 'log_cache_events': 'False', 'empty': 'False', 'cache_selected_only': 'False', 'fail_fast': 'False', 'debug': 'False', 'log_format': 'default', 'partial_parse': 'True', 'send_anonymous_usage_stats': 'True', 'quiet': 'False', 'warn_error': 'None', 'profiles_dir': "C:\\Users\\jainam's pc\\.dbt", 'invocation_command': 'dbt snapshot', 'indirect_selection': 'eager', 'use_colors': 'True', 'use_experimental_parser': 'False', 'log_path': 'logs'}
[0m13:06:05.490059 [error] [MainThread]: Encountered an error:
Runtime Error
  No dbt_project.yml found at expected path D:\work\streamcart_dbt\dbt_project.yml
  Verify that each entry within packages.yml (and their transitive dependencies) contains a file named dbt_project.yml
  
[0m13:06:05.492079 [debug] [MainThread]: Command `dbt snapshot` failed at 13:06:05.492079 after 0.46 seconds
[0m13:06:05.492079 [debug] [MainThread]: Sending event: {'category': 'dbt', 'action': 'invocation', 'label': 'end', 'context': [<snowplow_tracker.self_describing_json.SelfDescribingJson object at 0x00000229C45AEAE0>, <snowplow_tracker.self_describing_json.SelfDescribingJson object at 0x00000229C36634A0>, <snowplow_tracker.self_describing_json.SelfDescribingJson object at 0x00000229C3EB8D10>]}
[0m13:06:05.494100 [debug] [MainThread]: Flushing usage events
[0m13:06:07.105370 [debug] [MainThread]: An error was encountered while trying to flush usage events
